<?xml version="1.0" encoding="UTF-8"?>
<!-- Generated by org.testng.reporters.JUnitReportReporter -->
<testsuite hostname="thinkpad" failures="0" tests="1" name="com.demoqa.TextBoxPageTest" time="1.149" errors="0" timestamp="2024-02-04T13:52:16 EET" skipped="0">
  <testcase classname="com.demoqa.TextBoxPageTest" name="testSubmitTextBoxValues" time="1.149"/>
</testsuite> <!-- com.demoqa.TextBoxPageTest -->
