<?xml version="1.0" encoding="UTF-8"?>
<!-- Generated by org.testng.reporters.JUnitReportReporter -->
<testsuite hostname="thinkpad" failures="0" tests="1" name="com.demoqa.TextBoxPageTest" time="1.555" errors="0" timestamp="2024-02-03T12:37:30 EET" skipped="0">
  <testcase classname="com.demoqa.TextBoxPageTest" name="testSubmitTextBoxValues" time="1.555"/>
</testsuite> <!-- com.demoqa.TextBoxPageTest -->
