<?xml version="1.0" encoding="UTF-8"?>
<!-- Generated by org.testng.reporters.JUnitReportReporter -->
<testsuite hostname="thinkpad" failures="0" tests="2" name="com.demoqa.CheckBoxPageTest" time="1.770" errors="0" timestamp="2024-02-04T13:52:16 EET" skipped="0">
  <testcase classname="com.demoqa.CheckBoxPageTest" name="testCheckAllCheckboxes" time="1.662"/>
  <testcase classname="com.demoqa.CheckBoxPageTest" name="testUncheckAllCheckboxes" time="0.108"/>
</testsuite> <!-- com.demoqa.CheckBoxPageTest -->
