<?xml version="1.0" encoding="UTF-8"?>
<!-- Generated by org.testng.reporters.JUnitReportReporter -->
<testsuite hostname="thinkpad" failures="0" tests="3" name="com.demoqa.RadioButtonPageTest" time="1.382" errors="0" timestamp="2024-02-03T12:37:30 EET" skipped="0">
  <testcase classname="com.demoqa.RadioButtonPageTest" name="testYesRadioButton" time="0.348"/>
  <testcase classname="com.demoqa.RadioButtonPageTest" name="testImpressiveRadioButton" time="0.398"/>
  <testcase classname="com.demoqa.RadioButtonPageTest" name="testNoRadioButton" time="0.636"/>
</testsuite> <!-- com.demoqa.RadioButtonPageTest -->
