<?xml version="1.0" encoding="UTF-8"?>
<!-- Generated by org.testng.reporters.JUnitReportReporter -->
<testsuite hostname="thinkpad" failures="0" tests="3" name="com.demoqa.RadioButtonPageTest" time="0.789" errors="0" timestamp="2024-02-04T14:57:48 EET" skipped="0">
  <testcase classname="com.demoqa.RadioButtonPageTest" name="testYesRadioButton" time="0.477"/>
  <testcase classname="com.demoqa.RadioButtonPageTest" name="testImpressiveRadioButton" time="0.203"/>
  <testcase classname="com.demoqa.RadioButtonPageTest" name="testNoRadioButton" time="0.109"/>
</testsuite> <!-- com.demoqa.RadioButtonPageTest -->
