<?xml version="1.0" encoding="UTF-8"?>
<!-- Generated by org.testng.reporters.JUnitReportReporter -->
<testsuite hostname="thinkpad" failures="0" tests="2" name="com.demoqa.CheckBoxPageTest" time="1.527" errors="0" timestamp="2024-02-04T14:57:48 EET" skipped="0">
  <testcase classname="com.demoqa.CheckBoxPageTest" name="testCheckAllCheckboxes" time="1.387"/>
  <testcase classname="com.demoqa.CheckBoxPageTest" name="testUncheckAllCheckboxes" time="0.140"/>
</testsuite> <!-- com.demoqa.CheckBoxPageTest -->
