<?xml version="1.0" encoding="UTF-8"?>
<!-- Generated by org.testng.reporters.JUnitReportReporter -->
<testsuite hostname="thinkpad" failures="0" tests="1" name="com.demoqa.TextBoxPageTest" time="1.757" errors="0" timestamp="2024-02-04T14:57:48 EET" skipped="0">
  <testcase classname="com.demoqa.TextBoxPageTest" name="testSubmitTextBoxValues" time="1.757"/>
</testsuite> <!-- com.demoqa.TextBoxPageTest -->
