<?xml version="1.0" encoding="UTF-8"?>
<!-- Generated by org.testng.reporters.JUnitReportReporter -->
<testsuite hostname="thinkpad" failures="0" tests="2" name="com.demoqa.UploadDownloadPageTest" time="3.679" errors="0" timestamp="2024-02-04T13:52:16 EET" skipped="0">
  <testcase classname="com.demoqa.UploadDownloadPageTest" name="testUploadFileButtonFunctionality" time="0.307"/>
  <testcase classname="com.demoqa.UploadDownloadPageTest" name="testDownloadFileButtonFunctionality" time="3.372"/>
</testsuite> <!-- com.demoqa.UploadDownloadPageTest -->
