<?xml version="1.0" encoding="UTF-8"?>
<!-- Generated by org.testng.reporters.JUnitReportReporter -->
<testsuite hostname="thinkpad" failures="0" tests="3" name="com.demoqa.RadioButtonPageTest" time="0.609" errors="0" timestamp="2024-02-04T13:52:16 EET" skipped="0">
  <testcase classname="com.demoqa.RadioButtonPageTest" name="testYesRadioButton" time="0.326"/>
  <testcase classname="com.demoqa.RadioButtonPageTest" name="testImpressiveRadioButton" time="0.155"/>
  <testcase classname="com.demoqa.RadioButtonPageTest" name="testNoRadioButton" time="0.128"/>
</testsuite> <!-- com.demoqa.RadioButtonPageTest -->
