<?xml version="1.0" encoding="UTF-8"?>
<!-- Generated by org.testng.reporters.JUnitReportReporter -->
<testsuite hostname="thinkpad" failures="0" tests="3" name="com.demoqa.WaitPageTest" time="5.867" errors="0" timestamp="2024-02-04T13:52:16 EET" skipped="0">
  <testcase classname="com.demoqa.WaitPageTest" name="testConfirmButton" time="0.174"/>
  <testcase classname="com.demoqa.WaitPageTest" name="testAlertAppearAfter5Seconds" time="5.528"/>
  <testcase classname="com.demoqa.WaitPageTest" name="testPromptBox" time="0.165"/>
</testsuite> <!-- com.demoqa.WaitPageTest -->
