<?xml version="1.0" encoding="UTF-8"?>
<!-- Generated by org.testng.reporters.JUnitReportReporter -->
<testsuite hostname="thinkpad" failures="0" tests="3" name="com.demoqa.WaitPageTest" time="5.837" errors="0" timestamp="2024-02-03T12:37:30 EET" skipped="0">
  <testcase classname="com.demoqa.WaitPageTest" name="testAlertAppearAfter5Seconds" time="5.478"/>
  <testcase classname="com.demoqa.WaitPageTest" name="testPromptBox" time="0.159"/>
  <testcase classname="com.demoqa.WaitPageTest" name="testConfirmButton" time="0.200"/>
</testsuite> <!-- com.demoqa.WaitPageTest -->
